#
# There is insufficient memory for the Java Runtime Environment to continue.
# Native memory allocation (malloc) failed to allocate 262160 bytes for Chunk::new
# Possible reasons:
#   The system is out of physical RAM or swap space
#   The process is running with CompressedOops enabled, and the Java Heap may be blocking the growth of the native heap
# Possible solutions:
#   Reduce memory load on the system
#   Increase physical memory or swap space
#   Check if swap backing store is full
#   Decrease Java heap size (-Xmx/-Xms)
#   Decrease number of Java threads
#   Decrease Java thread stack sizes (-Xss)
#   Set larger code cache with -XX:ReservedCodeCacheSize=
#   JVM is running with Unscaled Compressed Oops mode in which the Java heap is
#     placed in the first 4GB address space. The Java Heap base address is the
#     maximum limit for the native heap growth. Please use -XX:HeapBaseMinAddress
#     to set the Java Heap base and to place the Java Heap above 4GB virtual address.
# This output file may be truncated or incomplete.
#
#  Out of Memory Error (allocation.cpp:389), pid=14032, tid=0x0000000000002764
#
# JRE version: OpenJDK Runtime Environment (8.0_242-b01) (build 1.8.0_242-release-1644-b01)
# Java VM: OpenJDK 64-Bit Server VM (25.242-b01 mixed mode windows-amd64 compressed oops)
# Failed to write core dump. Minidumps are not enabled by default on client versions of Windows
#

---------------  T H R E A D  ---------------

Current thread (0x0000000017fff800):  JavaThread "C2 CompilerThread1" daemon [_thread_in_native, id=10084, stack(0x0000000019c80000,0x0000000019d80000)]

Stack: [0x0000000019c80000,0x0000000019d80000]
[error occurred during error reporting (printing stack bounds), id 0xc0000005]

Native frames: (J=compiled Java code, j=interpreted, Vv=VM code, C=native code)


Current CompileTask:
C2:2084171 26539       4       java.lang.Class::privateGetPublicMethods (267 bytes)


---------------  P R O C E S S  ---------------

Java Threads: ( => current thread )
  0x0000000022d18000 JavaThread "Cache worker for cache directory md-rule (C:\Users\Yun\.gradle\caches\6.1.1\md-rule)" [_thread_blocked, id=15916, stack(0x0000000021be0000,0x0000000021ce0000)]
  0x0000000022d15000 JavaThread "Cache worker for cache directory md-supplier (C:\Users\Yun\.gradle\caches\6.1.1\md-supplier)" [_thread_blocked, id=12932, stack(0x00000000206b0000,0x00000000207b0000)]
  0x0000000022d17800 JavaThread "Cache worker for file hash cache (C:\project_test\3004Java001\.gradle\6.1.1\fileHashes)" [_thread_blocked, id=1996, stack(0x00000000205b0000,0x00000000206b0000)]
  0x0000000022d14800 JavaThread "Cache worker for checksums cache (C:\project_test\3004Java001\.gradle\checksums)" [_thread_blocked, id=17056, stack(0x000000001dd10000,0x000000001de10000)]
  0x0000000022d0d000 JavaThread "Thread-224" [_thread_blocked, id=4596, stack(0x000000001da10000,0x000000001db10000)]
  0x000000001a872800 JavaThread "Stdin handler" [_thread_blocked, id=9032, stack(0x000000001d910000,0x000000001da10000)]
  0x000000001a871800 JavaThread "Asynchronous log dispatcher for DefaultDaemonConnection: socket connection from /127.0.0.1:62563 to /127.0.0.1:63255" [_thread_blocked, id=9408, stack(0x000000001d610000,0x000000001d710000)]
  0x000000001a877000 JavaThread "Daemon worker Thread 5" [_thread_in_Java, id=1096, stack(0x000000001d510000,0x000000001d610000)]
  0x000000001a876000 JavaThread "Cancel handler" [_thread_blocked, id=12232, stack(0x00000000014f0000,0x00000000015f0000)]
  0x000000001a875800 JavaThread "Handler for socket connection from /127.0.0.1:62563 to /127.0.0.1:63255" [_thread_in_native, id=13220, stack(0x00000000013f0000,0x00000000014f0000)]
  0x000000001a874000 JavaThread "Daemon Thread 5" [_thread_blocked, id=17280, stack(0x00000000012f0000,0x00000000013f0000)]
  0x0000000022d1a800 JavaThread "MarlinRenderer Disposer" daemon [_thread_blocked, id=11856, stack(0x0000000030220000,0x0000000030320000)]
  0x0000000022d16000 JavaThread "Java2D Disposer" daemon [_thread_blocked, id=16276, stack(0x000000002eda0000,0x000000002eea0000)]
  0x0000000020a32000 JavaThread "Cache worker for Java compile cache (C:\Users\Yun\.gradle\caches\6.1.1\javaCompile)" [_thread_blocked, id=16056, stack(0x0000000026e60000,0x0000000026f60000)]
  0x0000000021713800 JavaThread "Cache worker for file content cache (C:\Users\Yun\.gradle\caches\6.1.1\fileContent)" [_thread_blocked, id=8448, stack(0x00000000250d0000,0x00000000251d0000)]
  0x0000000021714800 JavaThread "Memory manager" [_thread_blocked, id=9848, stack(0x0000000024fd0000,0x00000000250d0000)]
  0x000000001c2d2000 JavaThread "Cache worker for execution history cache (C:\Users\Yun\.gradle\caches\6.1.1\executionHistory)" [_thread_blocked, id=9416, stack(0x0000000021de0000,0x0000000021ee0000)]
  0x000000001c2d5000 JavaThread "Cache worker for file hash cache (C:\Users\Yun\.gradle\caches\6.1.1\fileHashes)" [_thread_blocked, id=11988, stack(0x000000001e310000,0x000000001e410000)]
  0x000000001c2d1000 JavaThread "File lock request listener" [_thread_in_native, id=16924, stack(0x000000001e210000,0x000000001e310000)]
  0x000000001c284000 JavaThread "Cache worker for journal cache (C:\Users\Yun\.gradle\caches\journal-1)" [_thread_blocked, id=13872, stack(0x000000001e010000,0x000000001e110000)]
  0x000000001bf74000 JavaThread "Daemon periodic checks" [_thread_blocked, id=2312, stack(0x000000001d410000,0x000000001d510000)]
  0x000000001bef4800 JavaThread "Incoming local TCP Connector on port 62563" [_thread_in_native, id=19172, stack(0x000000001d260000,0x000000001d360000)]
  0x0000000019e92800 JavaThread "Daemon health stats" [_thread_blocked, id=9040, stack(0x000000001cc20000,0x000000001cd20000)]
  0x0000000019dec800 JavaThread "Service Thread" daemon [_thread_blocked, id=15264, stack(0x000000001a280000,0x000000001a380000)]
  0x000000001800d800 JavaThread "C1 CompilerThread2" daemon [_thread_in_vm, id=12324, stack(0x000000001a180000,0x000000001a280000)]
=>0x0000000017fff800 JavaThread "C2 CompilerThread1" daemon [_thread_in_native, id=10084, stack(0x0000000019c80000,0x0000000019d80000)]
  0x0000000017ffd000 JavaThread "C2 CompilerThread0" daemon [_thread_blocked, id=4512, stack(0x0000000019b80000,0x0000000019c80000)]
  0x0000000017ff8800 JavaThread "Attach Listener" daemon [_thread_blocked, id=18176, stack(0x0000000019a80000,0x0000000019b80000)]
  0x0000000017ff4800 JavaThread "Signal Dispatcher" daemon [_thread_blocked, id=3252, stack(0x0000000019980000,0x0000000019a80000)]
  0x000000000318c800 JavaThread "Finalizer" daemon [_thread_blocked, id=14628, stack(0x0000000019880000,0x0000000019980000)]
  0x0000000017fdb000 JavaThread "Reference Handler" daemon [_thread_blocked, id=13128, stack(0x0000000019780000,0x0000000019880000)]
  0x0000000003092800 JavaThread "main" [_thread_blocked, id=4324, stack(0x0000000002f90000,0x0000000003090000)]

Other Threads:
  0x0000000017fb6800 VMThread [stack: 0x0000000019680000,0x0000000019780000] [id=18916]
  0x0000000019ded800 WatcherThread [stack: 0x000000001a380000,0x000000001a480000] [id=10624]

VM state:not at safepoint (normal execution)

VM Mutex/Monitor currently owned by a thread:  ([mutex/lock_event])
[0x0000000002f78c00] CodeCache_lock - owner thread: 0x000000001800d800

heap address: 0x0000000080000000, size: 2048 MB, Compressed Oops mode: 32-bit
Narrow klass base: 0x0000000000000000, Narrow klass shift: 3
Compressed class space size: 1073741824 Address: 0x0000000100000000

Heap:
 PSYoungGen      total 581632K, used 507774K [0x00000000d5580000, 0x00000000ff600000, 0x0000000100000000)
  eden space 550400K, 86% used [0x00000000d5580000,0x00000000f271b5d0,0x00000000f6f00000)
  from space 31232K, 99% used [0x00000000f6f00000,0x00000000f8d443b8,0x00000000f8d80000)
  to   space 69120K, 0% used [0x00000000fb280000,0x00000000fb280000,0x00000000ff600000)
 ParOldGen       total 193024K, used 130319K [0x0000000080000000, 0x000000008bc80000, 0x00000000d5580000)
  object space 193024K, 67% used [0x0000000080000000,0x0000000087f43ef0,0x000000008bc80000)
 Metaspace       used 115236K, capacity 121944K, committed 122280K, reserved 1155072K
  class space    used 14662K, capacity 15925K, committed 16048K, reserved 1048576K

Card table byte_map: [0x0000000012550000,0x0000000012960000] byte_map_base: 0x0000000012150000

Marking Bits: (ParMarkBitMap*) 0x000000005a80f030
 Begin Bits: [0x0000000013210000, 0x0000000015210000)
 End Bits:   [0x0000000015210000, 0x0000000017210000)

Polling page: 0x0000000000df0000

CodeCache: size=245760Kb used=76570Kb max_used=76620Kb free=169189Kb
 bounds [0x0000000003190000, 0x0000000007cd0000, 0x0000000012190000]
 total_blobs=22102 nmethods=21035 adapters=977
 compilation: enabled

Compilation events (10 events):
Event: 2083.831 Thread 0x0000000017ffd000 nmethod 26535 0x0000000007c80150 code [0x0000000007c80280, 0x0000000007c803f8]
Event: 2083.932 Thread 0x000000001800d800 26536       3       org.gradle.api.internal.attributes.DefaultAttributeMatchingStrategy_Decorated::getDisambiguationRules (39 bytes)
Event: 2083.944 Thread 0x000000001800d800 nmethod 26536 0x0000000003336b50 code [0x0000000003336d20, 0x0000000003337468]
Event: 2083.990 Thread 0x000000001800d800 26537       3       org.gradle.api.internal.initialization.DefaultClassLoaderScope::buildEffectiveLoaders (449 bytes)
Event: 2084.021 Thread 0x000000001800d800 nmethod 26537 0x0000000007c9b610 code [0x0000000007c9bc60, 0x0000000007c9fa48]
Event: 2084.118 Thread 0x0000000017fff800 26539       4       java.lang.Class::privateGetPublicMethods (267 bytes)
Event: 2084.122 Thread 0x0000000017ffd000 26540       4       org.gradle.internal.Pair::of (10 bytes)
Event: 2084.123 Thread 0x0000000017ffd000 nmethod 26540 0x0000000003336890 code [0x00000000033369e0, 0x0000000003336ab8]
Event: 2084.130 Thread 0x000000001800d800 26538   !   3       org.gradle.internal.logging.services.DefaultLoggingManager$StartableLoggingSystem::stop (47 bytes)
Event: 2084.133 Thread 0x000000001800d800 nmethod 26538 0x00000000035a84d0 code [0x00000000035a8640, 0x00000000035a8908]

GC Heap History (10 events):
Event: 1150.808 GC heap before
{Heap before GC invocations=19 (full 4):
 PSYoungGen      total 589312K, used 589305K [0x00000000d5580000, 0x00000000fd000000, 0x0000000100000000)
  eden space 547328K, 100% used [0x00000000d5580000,0x00000000f6c00000,0x00000000f6c00000)
  from space 41984K, 99% used [0x00000000fa700000,0x00000000fcffe750,0x00000000fd000000)
  to   space 49152K, 0% used [0x00000000f7000000,0x00000000f7000000,0x00000000fa000000)
 ParOldGen       total 193024K, used 53793K [0x0000000080000000, 0x000000008bc80000, 0x00000000d5580000)
  object space 193024K, 27% used [0x0000000080000000,0x00000000834886b8,0x000000008bc80000)
 Metaspace       used 109074K, capacity 114566K, committed 114728K, reserved 1148928K
  class space    used 14079K, capacity 15146K, committed 15152K, reserved 1048576K
Event: 1150.846 GC heap after
Heap after GC invocations=19 (full 4):
 PSYoungGen      total 600576K, used 49145K [0x00000000d5580000, 0x0000000100000000, 0x0000000100000000)
  eden space 551424K, 0% used [0x00000000d5580000,0x00000000d5580000,0x00000000f7000000)
  from space 49152K, 99% used [0x00000000f7000000,0x00000000f9ffe648,0x00000000fa000000)
  to   space 65536K, 0% used [0x00000000fc000000,0x00000000fc000000,0x0000000100000000)
 ParOldGen       total 193024K, used 77195K [0x0000000080000000, 0x000000008bc80000, 0x00000000d5580000)
  object space 193024K, 39% used [0x0000000080000000,0x0000000084b62e98,0x000000008bc80000)
 Metaspace       used 109074K, capacity 114566K, committed 114728K, reserved 1148928K
  class space    used 14079K, capacity 15146K, committed 15152K, reserved 1048576K
}
Event: 1152.912 GC heap before
{Heap before GC invocations=20 (full 4):
 PSYoungGen      total 600576K, used 600569K [0x00000000d5580000, 0x0000000100000000, 0x0000000100000000)
  eden space 551424K, 100% used [0x00000000d5580000,0x00000000f7000000,0x00000000f7000000)
  from space 49152K, 99% used [0x00000000f7000000,0x00000000f9ffe648,0x00000000fa000000)
  to   space 65536K, 0% used [0x00000000fc000000,0x00000000fc000000,0x0000000100000000)
 ParOldGen       total 193024K, used 77195K [0x0000000080000000, 0x000000008bc80000, 0x00000000d5580000)
  object space 193024K, 39% used [0x0000000080000000,0x0000000084b62e98,0x000000008bc80000)
 Metaspace       used 111839K, capacity 117476K, committed 117672K, reserved 1150976K
  class space    used 14349K, capacity 15447K, committed 15536K, reserved 1048576K
Event: 1152.986 GC heap after
Heap after GC invocations=20 (full 4):
 PSYoungGen      total 620032K, used 55749K [0x00000000d5580000, 0x0000000100000000, 0x0000000100000000)
  eden space 554496K, 0% used [0x00000000d5580000,0x00000000d5580000,0x00000000f7300000)
  from space 65536K, 85% used [0x00000000fc000000,0x00000000ff671560,0x0000000100000000)
  to   space 72192K, 0% used [0x00000000f7300000,0x00000000f7300000,0x00000000fb980000)
 ParOldGen       total 193024K, used 77203K [0x0000000080000000, 0x000000008bc80000, 0x00000000d5580000)
  object space 193024K, 39% used [0x0000000080000000,0x0000000084b64e98,0x000000008bc80000)
 Metaspace       used 111839K, capacity 117476K, committed 117672K, reserved 1150976K
  class space    used 14349K, capacity 15447K, committed 15536K, reserved 1048576K
}
Event: 1155.491 GC heap before
{Heap before GC invocations=21 (full 4):
 PSYoungGen      total 620032K, used 610245K [0x00000000d5580000, 0x0000000100000000, 0x0000000100000000)
  eden space 554496K, 100% used [0x00000000d5580000,0x00000000f7300000,0x00000000f7300000)
  from space 65536K, 85% used [0x00000000fc000000,0x00000000ff671560,0x0000000100000000)
  to   space 72192K, 0% used [0x00000000f7300000,0x00000000f7300000,0x00000000fb980000)
 ParOldGen       total 193024K, used 77203K [0x0000000080000000, 0x000000008bc80000, 0x00000000d5580000)
  object space 193024K, 39% used [0x0000000080000000,0x0000000084b64e98,0x000000008bc80000)
 Metaspace       used 111887K, capacity 117540K, committed 117672K, reserved 1150976K
  class space    used 14349K, capacity 15447K, committed 15536K, reserved 1048576K
Event: 1155.642 GC heap after
Heap after GC invocations=21 (full 4):
 PSYoungGen      total 603648K, used 49142K [0x00000000d5580000, 0x0000000100000000, 0x0000000100000000)
  eden space 554496K, 0% used [0x00000000d5580000,0x00000000d5580000,0x00000000f7300000)
  from space 49152K, 99% used [0x00000000f7300000,0x00000000fa2fdae0,0x00000000fa300000)
  to   space 75264K, 0% used [0x00000000fb680000,0x00000000fb680000,0x0000000100000000)
 ParOldGen       total 193024K, used 89218K [0x0000000080000000, 0x000000008bc80000, 0x00000000d5580000)
  object space 193024K, 46% used [0x0000000080000000,0x0000000085720ad8,0x000000008bc80000)
 Metaspace       used 111887K, capacity 117540K, committed 117672K, reserved 1150976K
  class space    used 14349K, capacity 15447K, committed 15536K, reserved 1048576K
}
Event: 1454.245 GC heap before
{Heap before GC invocations=22 (full 4):
 PSYoungGen      total 603648K, used 603638K [0x00000000d5580000, 0x0000000100000000, 0x0000000100000000)
  eden space 554496K, 100% used [0x00000000d5580000,0x00000000f7300000,0x00000000f7300000)
  from space 49152K, 99% used [0x00000000f7300000,0x00000000fa2fdae0,0x00000000fa300000)
  to   space 75264K, 0% used [0x00000000fb680000,0x00000000fb680000,0x0000000100000000)
 ParOldGen       total 193024K, used 89218K [0x0000000080000000, 0x000000008bc80000, 0x00000000d5580000)
  object space 193024K, 46% used [0x0000000080000000,0x0000000085720ad8,0x000000008bc80000)
 Metaspace       used 113319K, capacity 119592K, committed 119720K, reserved 1153024K
  class space    used 14457K, capacity 15665K, committed 15792K, reserved 1048576K
Event: 1454.412 GC heap after
Heap after GC invocations=22 (full 4):
 PSYoungGen      total 625664K, used 18335K [0x00000000d5580000, 0x0000000100000000, 0x0000000100000000)
  eden space 550400K, 0% used [0x00000000d5580000,0x00000000d5580000,0x00000000f6f00000)
  from space 75264K, 24% used [0x00000000fb680000,0x00000000fc867df8,0x0000000100000000)
  to   space 73216K, 0% used [0x00000000f6f00000,0x00000000f6f00000,0x00000000fb680000)
 ParOldGen       total 193024K, used 120155K [0x0000000080000000, 0x000000008bc80000, 0x00000000d5580000)
  object space 193024K, 62% used [0x0000000080000000,0x0000000087556e70,0x000000008bc80000)
 Metaspace       used 113319K, capacity 119592K, committed 119720K, reserved 1153024K
  class space    used 14457K, capacity 15665K, committed 15792K, reserved 1048576K
}
Event: 1508.567 GC heap before
{Heap before GC invocations=23 (full 4):
 PSYoungGen      total 625664K, used 568735K [0x00000000d5580000, 0x0000000100000000, 0x0000000100000000)
  eden space 550400K, 100% used [0x00000000d5580000,0x00000000f6f00000,0x00000000f6f00000)
  from space 75264K, 24% used [0x00000000fb680000,0x00000000fc867df8,0x0000000100000000)
  to   space 73216K, 0% used [0x00000000f6f00000,0x00000000f6f00000,0x00000000fb680000)
 ParOldGen       total 193024K, used 120155K [0x0000000080000000, 0x000000008bc80000, 0x00000000d5580000)
  object space 193024K, 62% used [0x0000000080000000,0x0000000087556e70,0x000000008bc80000)
 Metaspace       used 114761K, capacity 121286K, committed 121384K, reserved 1155072K
  class space    used 14588K, capacity 15828K, committed 15920K, reserved 1048576K
Event: 1508.634 GC heap after
Heap after GC invocations=23 (full 4):
 PSYoungGen      total 581632K, used 30992K [0x00000000d5580000, 0x00000000ff600000, 0x0000000100000000)
  eden space 550400K, 0% used [0x00000000d5580000,0x00000000d5580000,0x00000000f6f00000)
  from space 31232K, 99% used [0x00000000f6f00000,0x00000000f8d443b8,0x00000000f8d80000)
  to   space 69120K, 0% used [0x00000000fb280000,0x00000000fb280000,0x00000000ff600000)
 ParOldGen       total 193024K, used 130319K [0x0000000080000000, 0x000000008bc80000, 0x00000000d5580000)
  object space 193024K, 67% used [0x0000000080000000,0x0000000087f43ef0,0x000000008bc80000)
 Metaspace       used 114761K, capacity 121286K, committed 121384K, reserved 1155072K
  class space    used 14588K, capacity 15828K, committed 15920K, reserved 1048576K
}

Deoptimization events (10 events):
Event: 1508.885 Thread 0x0000000020a31000 Uncommon trap: reason=unstable_if action=reinterpret pc=0x0000000006b7ebe4 method=java.io.WinNTFileSystem.parentOrNull(Ljava/lang/String;)Ljava/lang/String; @ 76
Event: 1508.938 Thread 0x0000000020a34000 Uncommon trap: reason=class_check action=maybe_recompile pc=0x000000000756b9c8 method=com.google.common.collect.Maps$3.transform(Ljava/lang/Object;)Ljava/util/Map$Entry; @ 6
Event: 1508.938 Thread 0x0000000020a31000 Uncommon trap: reason=class_check action=maybe_recompile pc=0x000000000756b9c8 method=com.google.common.collect.Maps$3.transform(Ljava/lang/Object;)Ljava/util/Map$Entry; @ 6
Event: 1508.938 Thread 0x0000000020a34000 Uncommon trap: reason=class_check action=maybe_recompile pc=0x000000000756b9c8 method=com.google.common.collect.Maps$3.transform(Ljava/lang/Object;)Ljava/util/Map$Entry; @ 6
Event: 1508.938 Thread 0x0000000020a31000 Uncommon trap: reason=class_check action=maybe_recompile pc=0x000000000756b9c8 method=com.google.common.collect.Maps$3.transform(Ljava/lang/Object;)Ljava/util/Map$Entry; @ 6
Event: 1508.939 Thread 0x0000000020a31000 Uncommon trap: reason=bimorphic action=maybe_recompile pc=0x000000000454978c method=java.util.function.Predicate.lambda$and$0(Ljava/util/function/Predicate;Ljava/lang/Object;)Z @ 2
Event: 1508.939 Thread 0x0000000020a34000 Uncommon trap: reason=bimorphic action=maybe_recompile pc=0x000000000454978c method=java.util.function.Predicate.lambda$and$0(Ljava/util/function/Predicate;Ljava/lang/Object;)Z @ 2
Event: 1508.939 Thread 0x0000000020a34000 Uncommon trap: reason=bimorphic action=maybe_recompile pc=0x000000000454978c method=java.util.function.Predicate.lambda$and$0(Ljava/util/function/Predicate;Ljava/lang/Object;)Z @ 2
Event: 1508.939 Thread 0x0000000020a34000 Uncommon trap: reason=bimorphic action=maybe_recompile pc=0x000000000454978c method=java.util.function.Predicate.lambda$and$0(Ljava/util/function/Predicate;Ljava/lang/Object;)Z @ 2
Event: 1511.439 Thread 0x0000000020a36800 Uncommon trap: reason=class_check action=maybe_recompile pc=0x00000000052acd94 method=org.gradle.internal.fingerprint.classpath.impl.ClasspathFingerprintingStrategy$ClasspathContentFingerprintingVisitor.visitFile(Lorg/gradle/internal/snapshot/CompleteFile

Classes redefined (0 events):
No events

Internal exceptions (10 events):
Event: 1508.053 Thread 0x0000000021712000 Exception <a 'java/lang/NoSuchMethodError': <clinit>> (0x00000000ee2b3c50) thrown at [C:\src\AOSP-openjdk-git\hotspot\src\share\vm\prims\jni.cpp, line 1615]
Event: 1508.054 Thread 0x0000000021712000 Exception <a 'java/lang/NoSuchMethodError': <clinit>> (0x00000000ee2d1198) thrown at [C:\src\AOSP-openjdk-git\hotspot\src\share\vm\prims\jni.cpp, line 1615]
Event: 1508.117 Thread 0x0000000020a34000 Exception <a 'sun/nio/fs/WindowsException'> (0x00000000e7a62d20) thrown at [C:\src\AOSP-openjdk-git\hotspot\src\share\vm\prims\jni.cpp, line 710]
Event: 1508.141 Thread 0x0000000020a34000 Exception <a 'sun/nio/fs/WindowsException'> (0x00000000efa4a248) thrown at [C:\src\AOSP-openjdk-git\hotspot\src\share\vm\prims\jni.cpp, line 710]
Event: 1508.143 Thread 0x0000000020a34000 Exception <a 'sun/nio/fs/WindowsException'> (0x00000000efa53770) thrown at [C:\src\AOSP-openjdk-git\hotspot\src\share\vm\prims\jni.cpp, line 710]
Event: 1508.527 Thread 0x000000001ab26800 Exception <a 'sun/nio/fs/WindowsException'> (0x00000000f57f7398) thrown at [C:\src\AOSP-openjdk-git\hotspot\src\share\vm\prims\jni.cpp, line 710]
Event: 1509.316 Thread 0x000000001c2d4000 Exception <a 'sun/nio/fs/WindowsException'> (0x00000000e3a85a10) thrown at [C:\src\AOSP-openjdk-git\hotspot\src\share\vm\prims\jni.cpp, line 710]
Event: 1509.361 Thread 0x000000001ab29800 Exception <a 'sun/nio/fs/WindowsException'> (0x00000000e3bace98) thrown at [C:\src\AOSP-openjdk-git\hotspot\src\share\vm\prims\jni.cpp, line 710]
Event: 1511.280 Thread 0x000000001c2d6800 Exception <a 'sun/nio/fs/WindowsException'> (0x00000000f08540d8) thrown at [C:\src\AOSP-openjdk-git\hotspot\src\share\vm\prims\jni.cpp, line 710]
Event: 1512.220 Thread 0x0000000022d0d000 Exception <a 'sun/nio/fs/WindowsException'> (0x00000000f1748208) thrown at [C:\src\AOSP-openjdk-git\hotspot\src\share\vm\prims\jni.cpp, line 710]

Events (10 events):
Event: 2083.893 Thread 0x0000000022d18000 Thread added: 0x0000000022d18000
Event: 2083.893 Thread 0x0000000017ffd000 flushing nmethod 0x0000000003336890
Event: 2083.968 Thread 0x0000000017ffd000 flushing nmethod 0x000000000343c490
Event: 2083.993 Thread 0x0000000017ffd000 flushing nmethod 0x00000000034c1450
Event: 2084.033 Thread 0x000000001800d800 flushing nmethod 0x00000000035a8390
Event: 2084.050 Thread 0x000000001800d800 flushing nmethod 0x00000000035f5110
Event: 2084.075 Thread 0x000000001800d800 flushing nmethod 0x0000000003691650
Event: 2084.099 Thread 0x000000001800d800 flushing nmethod 0x0000000003750d50
Event: 2084.133 Thread 0x000000001800d800 flushing nmethod 0x000000000383c410
Event: 2084.141 Thread 0x000000001800d800 flushing nmethod 0x0000000003874850


Dynamic libraries:
0x00007ff7ad640000 - 0x00007ff7ad671000 	C:\Program Files\Android\Android Studio\jre\bin\java.exe
0x00007ffc805e0000 - 0x00007ffc807d0000 	C:\WINDOWS\SYSTEM32\ntdll.dll
0x00007ffc7e9c0000 - 0x00007ffc7ea72000 	C:\WINDOWS\System32\KERNEL32.DLL
0x00007ffc7e3e0000 - 0x00007ffc7e685000 	C:\WINDOWS\System32\KERNELBASE.dll
0x00007ffc7ed10000 - 0x00007ffc7edb3000 	C:\WINDOWS\System32\ADVAPI32.dll
0x00007ffc7f750000 - 0x00007ffc7f7ee000 	C:\WINDOWS\System32\msvcrt.dll
0x00007ffc80500000 - 0x00007ffc80597000 	C:\WINDOWS\System32\sechost.dll
0x00007ffc7e8a0000 - 0x00007ffc7e9c0000 	C:\WINDOWS\System32\RPCRT4.dll
0x00007ffc7ff20000 - 0x00007ffc800b5000 	C:\WINDOWS\System32\USER32.dll
0x00007ffc7d9b0000 - 0x00007ffc7d9d1000 	C:\WINDOWS\System32\win32u.dll
0x00007ffc7ec30000 - 0x00007ffc7ec56000 	C:\WINDOWS\System32\GDI32.dll
0x00007ffc7d810000 - 0x00007ffc7d9a6000 	C:\WINDOWS\System32\gdi32full.dll
0x00007ffc7d9e0000 - 0x00007ffc7da7e000 	C:\WINDOWS\System32\msvcp_win.dll
0x00007ffc7d710000 - 0x00007ffc7d80a000 	C:\WINDOWS\System32\ucrtbase.dll
0x00007ffc71840000 - 0x00007ffc71ac4000 	C:\WINDOWS\WinSxS\amd64_microsoft.windows.common-controls_6595b64144ccf1df_6.0.18362.1082_none_9e8193e1e45b25c1\COMCTL32.dll
0x00007ffc80140000 - 0x00007ffc80475000 	C:\WINDOWS\System32\combase.dll
0x00007ffc7e290000 - 0x00007ffc7e310000 	C:\WINDOWS\System32\bcryptPrimitives.dll
0x00007ffc7f7f0000 - 0x00007ffc7f81e000 	C:\WINDOWS\System32\IMM32.DLL
0x0000000059530000 - 0x0000000059602000 	C:\Program Files\Android\Android Studio\jre\jre\bin\msvcr100.dll
0x000000005a040000 - 0x000000005a88b000 	C:\Program Files\Android\Android Studio\jre\jre\bin\server\jvm.dll
0x00007ffc80480000 - 0x00007ffc80488000 	C:\WINDOWS\System32\PSAPI.DLL
0x00007ffc7b4a0000 - 0x00007ffc7b4c4000 	C:\WINDOWS\SYSTEM32\WINMM.dll
0x00007ffc782b0000 - 0x00007ffc782ba000 	C:\WINDOWS\SYSTEM32\VERSION.dll
0x00007ffc79cd0000 - 0x00007ffc79cd9000 	C:\WINDOWS\SYSTEM32\WSOCK32.dll
0x00007ffc80490000 - 0x00007ffc804ff000 	C:\WINDOWS\System32\WS2_32.dll
0x00007ffc7afd0000 - 0x00007ffc7affd000 	C:\WINDOWS\SYSTEM32\winmmbase.dll
0x00007ffc7d570000 - 0x00007ffc7d5ba000 	C:\WINDOWS\System32\cfgmgr32.dll
0x00007ffc73b90000 - 0x00007ffc73b9f000 	C:\Program Files\Android\Android Studio\jre\jre\bin\verify.dll
0x00007ffc72330000 - 0x00007ffc72359000 	C:\Program Files\Android\Android Studio\jre\jre\bin\java.dll
0x00007ffc73b70000 - 0x00007ffc73b86000 	C:\Program Files\Android\Android Studio\jre\jre\bin\zip.dll
0x00007ffc7ee90000 - 0x00007ffc7f577000 	C:\WINDOWS\System32\SHELL32.dll
0x00007ffc7ec60000 - 0x00007ffc7ed09000 	C:\WINDOWS\System32\shcore.dll
0x00007ffc7dab0000 - 0x00007ffc7e230000 	C:\WINDOWS\System32\windows.storage.dll
0x00007ffc7d540000 - 0x00007ffc7d563000 	C:\WINDOWS\System32\profapi.dll
0x00007ffc7d4b0000 - 0x00007ffc7d4fa000 	C:\WINDOWS\System32\powrprof.dll
0x00007ffc7d4a0000 - 0x00007ffc7d4b0000 	C:\WINDOWS\System32\UMPDC.dll
0x00007ffc7e690000 - 0x00007ffc7e6e2000 	C:\WINDOWS\System32\shlwapi.dll
0x00007ffc7d500000 - 0x00007ffc7d511000 	C:\WINDOWS\System32\kernel.appcore.dll
0x00007ffc7e3c0000 - 0x00007ffc7e3d7000 	C:\WINDOWS\System32\cryptsp.dll
0x00007ffc69f20000 - 0x00007ffc69f3a000 	C:\Program Files\Android\Android Studio\jre\jre\bin\net.dll
0x00007ffc7ccf0000 - 0x00007ffc7cd57000 	C:\WINDOWS\system32\mswsock.dll
0x00007ffc69eb0000 - 0x00007ffc69ec3000 	C:\Program Files\Android\Android Studio\jre\jre\bin\nio.dll
0x00007ffc55bf0000 - 0x00007ffc55c16000 	C:\Users\Yun\.gradle\native\31\windows-amd64\native-platform.dll
0x00007ffc73b30000 - 0x00007ffc73b3d000 	C:\Program Files\Android\Android Studio\jre\jre\bin\management.dll
0x00007ffc7c800000 - 0x00007ffc7c833000 	C:\WINDOWS\system32\rsaenh.dll
0x00007ffc7da80000 - 0x00007ffc7daa6000 	C:\WINDOWS\System32\bcrypt.dll
0x00007ffc7d3c0000 - 0x00007ffc7d3e5000 	C:\WINDOWS\SYSTEM32\USERENV.dll
0x00007ffc7cec0000 - 0x00007ffc7cecc000 	C:\WINDOWS\SYSTEM32\CRYPTBASE.dll
0x00007ffc7ca00000 - 0x00007ffc7ca3a000 	C:\WINDOWS\SYSTEM32\IPHLPAPI.DLL
0x00007ffc7f740000 - 0x00007ffc7f748000 	C:\WINDOWS\System32\NSI.dll
0x00007ffc770e0000 - 0x00007ffc770f6000 	C:\WINDOWS\SYSTEM32\dhcpcsvc6.DLL
0x00007ffc76fb0000 - 0x00007ffc76fcc000 	C:\WINDOWS\SYSTEM32\dhcpcsvc.DLL
0x00007ffc7ca40000 - 0x00007ffc7cb0b000 	C:\WINDOWS\SYSTEM32\DNSAPI.dll
0x00007ffc7c4c0000 - 0x00007ffc7c4f1000 	C:\WINDOWS\SYSTEM32\ntmarta.dll
0x00007ffc67610000 - 0x00007ffc67634000 	C:\Program Files\Android\Android Studio\jre\jre\bin\sunec.dll
0x00007ffc76210000 - 0x00007ffc7621a000 	C:\Windows\System32\rasadhlp.dll
0x00007ffc76610000 - 0x00007ffc76687000 	C:\WINDOWS\System32\fwpuclnt.dll
0x00007ffc739c0000 - 0x00007ffc739cb000 	C:\Program Files\Android\Android Studio\jre\jre\bin\sunmscapi.dll
0x00007ffc7d5c0000 - 0x00007ffc7d709000 	C:\WINDOWS\System32\CRYPT32.dll
0x00007ffc7d520000 - 0x00007ffc7d532000 	C:\WINDOWS\System32\MSASN1.dll
0x00007ffc484f0000 - 0x00007ffc4868c000 	C:\Program Files\Android\Android Studio\jre\jre\bin\awt.dll
0x00007ffc7f9e0000 - 0x00007ffc7faa5000 	C:\WINDOWS\System32\OLEAUT32.dll
0x00007ffc7bd10000 - 0x00007ffc7bd3d000 	C:\WINDOWS\SYSTEM32\dwmapi.dll
0x00007ffc7a120000 - 0x00007ffc7a6e0000 	C:\WINDOWS\SYSTEM32\d2d1.dll
0x00007ffc7b6d0000 - 0x00007ffc7b75f000 	C:\WINDOWS\SYSTEM32\apphelp.dll
0x00007ffc7b7d0000 - 0x00007ffc7b869000 	C:\WINDOWS\system32\uxtheme.dll

VM Arguments:
jvm_args: -Xmx2048m -Dfile.encoding=windows-1252 -Duser.country=CN -Duser.language=zh -Duser.variant 
java_command: org.gradle.launcher.daemon.bootstrap.GradleDaemon 6.1.1
java_class_path (initial): C:\Users\Yun\.gradle\wrapper\dists\gradle-6.1.1-all\cfmwm155h49vnt3hynmlrsdst\gradle-6.1.1\lib\gradle-launcher-6.1.1.jar
Launcher Type: SUN_STANDARD

Environment Variables:
PATH=C:\Program Files (x86)\Common Files\Intel\Shared Libraries\redist\intel64\compiler;C:\Program Files (x86)\Common Files\Oracle\Java\javapath;C:\Program Files (x86)\Intel\Intel(R) Management Engine Components\iCLS\;C:\Program Files\Intel\Intel(R) Management Engine Components\iCLS\;C:\Windows\system32;C:\Windows;C:\Windows\System32\Wbem;C:\Windows\System32\WindowsPowerShell\v1.0\;C:\Program Files (x86)\Intel\Intel(R) Management Engine Components\DAL;C:\Program Files\Intel\Intel(R) Management Engine Components\DAL;C:\Program Files (x86)\Intel\Intel(R) Management Engine Components\IPT;C:\Program Files\Intel\Intel(R) Management Engine Components\IPT;C:\Program Files (x86)\NVIDIA Corporation\PhysX\Common;C:\Program Files\Intel\WiFi\bin\;C:\Program Files\Common Files\Intel\WirelessCommon\;C:\Program Files\NVIDIA Corporation\NVIDIA NvDLISR;C:\WINDOWS\system32;C:\WINDOWS;C:\WINDOWS\System32\Wbem;C:\WINDOWS\System32\WindowsPowerShell\v1.0\;C:\WINDOWS\System32\OpenSSH\;C:\ProgramData\chocolatey\bin;C:\Program Files\dotnet\;C:\Users\Yun\AppData\Local\Microsoft\WindowsApps;C:\Users\Yun\AppData\Local\GitHubDesktop\bin
USERNAME=Yun
OS=Windows_NT
PROCESSOR_IDENTIFIER=Intel64 Family 6 Model 158 Stepping 10, GenuineIntel



---------------  S Y S T E M  ---------------

OS: Windows 10.0 , 64 bit Build 18362 (10.0.18362.1082)

CPU:total 6 (initial active 6) (6 cores per cpu, 1 threads per core) family 6 model 158 stepping 10, cmov, cx8, fxsr, mmx, sse, sse2, sse3, ssse3, sse4.1, sse4.2, popcnt, avx, avx2, aes, clmul, erms, 3dnowpref, lzcnt, tsc, tscinvbit, bmi1, bmi2, adx

Memory: 4k page, physical 8310628k(451548k free), swap 23836128k(0k free)

vm_info: OpenJDK 64-Bit Server VM (25.242-b01) for windows-amd64 JRE (1.8.0_242-release-1644-b01), built by "builder" with MS VC++ 10.0 (VS2010)

time: Mon Sep 28 15:10:17 2020
timezone: 
elapsed time: 2084 seconds (0d 0h 34m 44s)

